<?xml version="1.0" encoding="UTF-8"?>
<testsuite name="org.willthisfly.raketaframework.HTTPRequestParsingTest" tests="7" skipped="0" failures="0" errors="0" timestamp="2016-08-11T18:49:06" hostname="Dmitriys-MacBook-Pro.local" time="0.027">
  <properties/>
  <testcase name="testNoURI" classname="org.willthisfly.raketaframework.HTTPRequestParsingTest" time="0.009"/>
  <testcase name="testBody" classname="org.willthisfly.raketaframework.HTTPRequestParsingTest" time="0.01"/>
  <testcase name="testNoProtocol" classname="org.willthisfly.raketaframework.HTTPRequestParsingTest" time="0.001"/>
  <testcase name="testHeadersAndBody" classname="org.willthisfly.raketaframework.HTTPRequestParsingTest" time="0.002"/>
  <testcase name="testHeaders" classname="org.willthisfly.raketaframework.HTTPRequestParsingTest" time="0.001"/>
  <testcase name="testNoMethod" classname="org.willthisfly.raketaframework.HTTPRequestParsingTest" time="0.0"/>
  <testcase name="testNothing" classname="org.willthisfly.raketaframework.HTTPRequestParsingTest" time="0.001"/>
  <system-out><![CDATA[]]></system-out>
  <system-err><![CDATA[]]></system-err>
</testsuite>
