<?xml version="1.0" encoding="UTF-8"?>
<testsuite name="org.willthisfly.raketaframework.util.PatternTest" tests="4" skipped="0" failures="0" errors="0" timestamp="2016-08-06T09:12:23" hostname="dmitriys-mbp" time="0.002">
  <properties/>
  <testcase name="testSingleUnusedGroup" classname="org.willthisfly.raketaframework.util.PatternTest" time="0.001"/>
  <testcase name="testMultipleUsedGroups" classname="org.willthisfly.raketaframework.util.PatternTest" time="0.0"/>
  <testcase name="testMultipleUnusedGroups" classname="org.willthisfly.raketaframework.util.PatternTest" time="0.001"/>
  <testcase name="testSingleUsedGroup" classname="org.willthisfly.raketaframework.util.PatternTest" time="0.0"/>
  <system-out><![CDATA[]]></system-out>
  <system-err><![CDATA[]]></system-err>
</testsuite>
