<?xml version="1.0" encoding="UTF-8"?>
<testsuite name="org.willthisfly.raketaframework.util.JSONSingleLineSerializingTest" tests="7" skipped="0" failures="0" errors="0" timestamp="2016-08-06T09:12:23" hostname="dmitriys-mbp" time="0.007">
  <properties/>
  <testcase name="testNestedMaps" classname="org.willthisfly.raketaframework.util.JSONSingleLineSerializingTest" time="0.001"/>
  <testcase name="testBooleans" classname="org.willthisfly.raketaframework.util.JSONSingleLineSerializingTest" time="0.0"/>
  <testcase name="testChars" classname="org.willthisfly.raketaframework.util.JSONSingleLineSerializingTest" time="0.001"/>
  <testcase name="testLists" classname="org.willthisfly.raketaframework.util.JSONSingleLineSerializingTest" time="0.001"/>
  <testcase name="testEmptyMaps" classname="org.willthisfly.raketaframework.util.JSONSingleLineSerializingTest" time="0.0"/>
  <testcase name="testNestedLists" classname="org.willthisfly.raketaframework.util.JSONSingleLineSerializingTest" time="0.0"/>
  <testcase name="testNumbers" classname="org.willthisfly.raketaframework.util.JSONSingleLineSerializingTest" time="0.001"/>
  <system-out><![CDATA[]]></system-out>
  <system-err><![CDATA[]]></system-err>
</testsuite>
