<?xml version="1.0" encoding="UTF-8"?>
<testsuite name="org.willthisfly.raketaframework.HTTPRequestSerializingTest" tests="4" skipped="0" failures="0" errors="0" timestamp="2016-08-11T18:49:06" hostname="Dmitriys-MacBook-Pro.local" time="0.002">
  <properties/>
  <testcase name="testBody" classname="org.willthisfly.raketaframework.HTTPRequestSerializingTest" time="0.0"/>
  <testcase name="testHeadersAndBody" classname="org.willthisfly.raketaframework.HTTPRequestSerializingTest" time="0.001"/>
  <testcase name="testHeaders" classname="org.willthisfly.raketaframework.HTTPRequestSerializingTest" time="0.0"/>
  <testcase name="testNothing" classname="org.willthisfly.raketaframework.HTTPRequestSerializingTest" time="0.001"/>
  <system-out><![CDATA[]]></system-out>
  <system-err><![CDATA[]]></system-err>
</testsuite>
