<?xml version="1.0" encoding="UTF-8"?>
<testsuite name="org.willthisfly.raketaframework.testingapp.SerialRequestsTest" tests="8" skipped="0" failures="0" errors="0" timestamp="2016-08-11T18:49:19" hostname="Dmitriys-MacBook-Pro.local" time="0.39">
  <properties/>
  <testcase name="testPlainTextRequest" classname="org.willthisfly.raketaframework.testingapp.SerialRequestsTest" time="0.047"/>
  <testcase name="testNotFound" classname="org.willthisfly.raketaframework.testingapp.SerialRequestsTest" time="0.003"/>
  <testcase name="testGlobRoutes" classname="org.willthisfly.raketaframework.testingapp.SerialRequestsTest" time="0.003"/>
  <testcase name="testRegexpRoutes" classname="org.willthisfly.raketaframework.testingapp.SerialRequestsTest" time="0.003"/>
  <testcase name="testImageServing" classname="org.willthisfly.raketaframework.testingapp.SerialRequestsTest" time="0.302"/>
  <testcase name="testRequestWithUrlParameters" classname="org.willthisfly.raketaframework.testingapp.SerialRequestsTest" time="0.013"/>
  <testcase name="testInternalServerError" classname="org.willthisfly.raketaframework.testingapp.SerialRequestsTest" time="0.009"/>
  <testcase name="testCustomHTTPErrorGenerating" classname="org.willthisfly.raketaframework.testingapp.SerialRequestsTest" time="0.005"/>
  <system-out><![CDATA[]]></system-out>
  <system-err><![CDATA[]]></system-err>
</testsuite>
